<?xml version="1.0" encoding="UTF-8"?>
<!-- Generated by org.testng.reporters.JUnitReportReporter -->
<testsuite hostname="Komali-PC" name="MavenGmailSCM.MavenGmail.GmailLogin" tests="1" failures="0" timestamp="27 Dec 2016 00:07:20 GMT" time="8.732" errors="0">
  <testcase name="LoginTest" time="8.732" classname="MavenGmailSCM.MavenGmail.GmailLogin"/>
</testsuite> <!-- MavenGmailSCM.MavenGmail.GmailLogin -->
