<?xml version="1.0" encoding="UTF-8"?>
<!-- Generated by org.testng.reporters.JUnitReportReporter -->
<testsuite hostname="Komali-PC" name="MavenGmailSCM.MavenGmail.GmailLogin" tests="1" failures="0" timestamp="29 Dec 2016 03:44:32 GMT" time="1.234" errors="0">
  <testcase name="LoginTest" time="1.234" classname="MavenGmailSCM.MavenGmail.GmailLogin"/>
</testsuite> <!-- MavenGmailSCM.MavenGmail.GmailLogin -->
